<?xml version="1.0" encoding="UTF-8"?>
<testng-results skipped="0" failed="0" total="14" passed="14">
  <reporter-output>
    <line>
      <![CDATA[<table border=1px; style= width:100%;color=#808080>  <tr font-family:Georgia, Garamond, Serif><th width=2%;body bgcolor=#BDBDBD>Testcase ID</th> <th width=20%;body bgcolor=#BDBDBD>Testcase Description</th> <th width=20%;body bgcolor=#BDBDBD>Input Value</th> <th width=20%;body bgcolor=#BDBDBD>Expected Value</th> <th width=20% ;body bgcolor=#BDBDBD>Actual Value</th> <th width=18% ;body bgcolor=#BDBDBD>Result</th></tr>]]>
    </line>
    <line>
      <![CDATA[</table>]]>
    </line>
    <line>
      <![CDATA[<table border=1px; style= width:100%;color=#808080>  <tr font-family:Georgia, Garamond, Serif><th width=2%;body bgcolor=#BDBDBD>Testcase ID</th> <th width=20%;body bgcolor=#BDBDBD>Testcase Description</th> <th width=20%;body bgcolor=#BDBDBD>Input Value</th> <th width=20%;body bgcolor=#BDBDBD>Expected Value</th> <th width=20% ;body bgcolor=#BDBDBD>Actual Value</th> <th width=18% ;body bgcolor=#BDBDBD>Result</th></tr>]]>
    </line>
    <line>
      <![CDATA[</table>]]>
    </line>
    <line>
      <![CDATA[<table border=1px; style= width:100%;color=#808080>  <tr font-family:Georgia, Garamond, Serif><th width=2%;body bgcolor=#BDBDBD>Testcase ID</th> <th width=20%;body bgcolor=#BDBDBD>Testcase Description</th> <th width=20%;body bgcolor=#BDBDBD>Input Value</th> <th width=20%;body bgcolor=#BDBDBD>Expected Value</th> <th width=20% ;body bgcolor=#BDBDBD>Actual Value</th> <th width=18% ;body bgcolor=#BDBDBD>Result</th></tr>]]>
    </line>
    <line>
      <![CDATA[<tr id=null><td width=20%>3. Search for the product forchess for firefox</td><td width=20%>Verify the Search result for the productchess</td><td width=20%>chess</td><td width=20%>StonKraft 17</td><td width=20%>StonKraft 17'' x 17'' Tournament Chess Vinyl Foldable Chess Game With Solid Plastic Pieces (With Extra Queen) - Ideal for Professional Chess Players</td><TD align=center BGCOLOR= #00ff00 > Pass</tr>]]>
    </line>
    <line>
      <![CDATA[</table>]]>
    </line>
    <line>
      <![CDATA[<table border=1px; style= width:100%;color=#808080>  <tr font-family:Georgia, Garamond, Serif><th width=2%;body bgcolor=#BDBDBD>Testcase ID</th> <th width=20%;body bgcolor=#BDBDBD>Testcase Description</th> <th width=20%;body bgcolor=#BDBDBD>Input Value</th> <th width=20%;body bgcolor=#BDBDBD>Expected Value</th> <th width=20% ;body bgcolor=#BDBDBD>Actual Value</th> <th width=18% ;body bgcolor=#BDBDBD>Result</th></tr>]]>
    </line>
    <line>
      <![CDATA[<tr id=null><td width=20%>4. Search for the product forA Walk down for firefox</td><td width=20%>Verify the Search result for the productA Walk down</td><td width=20%>A Walk down</td><td width=20%>A Walk Down to the lane</td><td width=20%>A Walk Down to the lane</td><TD align=center BGCOLOR= #00ff00 > Pass</tr>]]>
    </line>
    <line>
      <![CDATA[</table>]]>
    </line>
    <line>
      <![CDATA[<table border=1px; style= width:100%;color=#808080>  <tr font-family:Georgia, Garamond, Serif><th width=2%;body bgcolor=#BDBDBD>Testcase ID</th> <th width=20%;body bgcolor=#BDBDBD>Testcase Description</th> <th width=20%;body bgcolor=#BDBDBD>Input Value</th> <th width=20%;body bgcolor=#BDBDBD>Expected Value</th> <th width=20% ;body bgcolor=#BDBDBD>Actual Value</th> <th width=18% ;body bgcolor=#BDBDBD>Result</th></tr>]]>
    </line>
    <line>
      <![CDATA[</table>]]>
    </line>
    <line>
      <![CDATA[<table border=1px; style= width:100%;color=#808080>  <tr font-family:Georgia, Garamond, Serif><th width=2%;body bgcolor=#BDBDBD>Testcase ID</th> <th width=20%;body bgcolor=#BDBDBD>Testcase Description</th> <th width=20%;body bgcolor=#BDBDBD>Input Value</th> <th width=20%;body bgcolor=#BDBDBD>Expected Value</th> <th width=20% ;body bgcolor=#BDBDBD>Actual Value</th> <th width=18% ;body bgcolor=#BDBDBD>Result</th></tr>]]>
    </line>
    <line>
      <![CDATA[<tr id=null><td width=20%>6. Search for the product forJohn Deere for firefox</td><td width=20%>Verify the Search result for the productJohn Deere</td><td width=20%>John Deere</td><td width=20%>Tractor 7930</td><td width=20%>Bruder Toys John Deere Tractor 7930 with Twin Tyres</td><TD align=center BGCOLOR= #00ff00 > Pass</tr>]]>
    </line>
    <line>
      <![CDATA[</table>]]>
    </line>
    <line>
      <![CDATA[<table border=1px; style= width:100%;color=#808080>  <tr font-family:Georgia, Garamond, Serif><th width=2%;body bgcolor=#BDBDBD>Testcase ID</th> <th width=20%;body bgcolor=#BDBDBD>Testcase Description</th> <th width=20%;body bgcolor=#BDBDBD>Input Value</th> <th width=20%;body bgcolor=#BDBDBD>Expected Value</th> <th width=20% ;body bgcolor=#BDBDBD>Actual Value</th> <th width=18% ;body bgcolor=#BDBDBD>Result</th></tr>]]>
    </line>
    <line>
      <![CDATA[</table>]]>
    </line>
    <line>
      <![CDATA[<table border=1px; style= width:100%;color=#808080>  <tr font-family:Georgia, Garamond, Serif><th width=2%;body bgcolor=#BDBDBD>Testcase ID</th> <th width=20%;body bgcolor=#BDBDBD>Testcase Description</th> <th width=20%;body bgcolor=#BDBDBD>Input Value</th> <th width=20%;body bgcolor=#BDBDBD>Expected Value</th> <th width=20% ;body bgcolor=#BDBDBD>Actual Value</th> <th width=18% ;body bgcolor=#BDBDBD>Result</th></tr>]]>
    </line>
    <line>
      <![CDATA[</table>]]>
    </line>
    <line>
      <![CDATA[<table border=1px; style= width:100%;color=#808080>  <tr font-family:Georgia, Garamond, Serif><th width=2%;body bgcolor=#BDBDBD>Testcase ID</th> <th width=20%;body bgcolor=#BDBDBD>Testcase Description</th> <th width=20%;body bgcolor=#BDBDBD>Input Value</th> <th width=20%;body bgcolor=#BDBDBD>Expected Value</th> <th width=20% ;body bgcolor=#BDBDBD>Actual Value</th> <th width=18% ;body bgcolor=#BDBDBD>Result</th></tr>]]>
    </line>
    <line>
      <![CDATA[</table>]]>
    </line>
    <line>
      <![CDATA[<table border=1px; style= width:100%;color=#808080>  <tr font-family:Georgia, Garamond, Serif><th width=2%;body bgcolor=#BDBDBD>Testcase ID</th> <th width=20%;body bgcolor=#BDBDBD>Testcase Description</th> <th width=20%;body bgcolor=#BDBDBD>Input Value</th> <th width=20%;body bgcolor=#BDBDBD>Expected Value</th> <th width=20% ;body bgcolor=#BDBDBD>Actual Value</th> <th width=18% ;body bgcolor=#BDBDBD>Result</th></tr>]]>
    </line>
    <line>
      <![CDATA[</table>]]>
    </line>
    <line>
      <![CDATA[<table border=1px; style= width:100%;color=#808080>  <tr font-family:Georgia, Garamond, Serif><th width=2%;body bgcolor=#BDBDBD>Testcase ID</th> <th width=20%;body bgcolor=#BDBDBD>Testcase Description</th> <th width=20%;body bgcolor=#BDBDBD>Input Value</th> <th width=20%;body bgcolor=#BDBDBD>Expected Value</th> <th width=20% ;body bgcolor=#BDBDBD>Actual Value</th> <th width=18% ;body bgcolor=#BDBDBD>Result</th></tr>]]>
    </line>
    <line>
      <![CDATA[</table>]]>
    </line>
    <line>
      <![CDATA[<table border=1px; style= width:100%;color=#808080>  <tr font-family:Georgia, Garamond, Serif><th width=2%;body bgcolor=#BDBDBD>Testcase ID</th> <th width=20%;body bgcolor=#BDBDBD>Testcase Description</th> <th width=20%;body bgcolor=#BDBDBD>Input Value</th> <th width=20%;body bgcolor=#BDBDBD>Expected Value</th> <th width=20% ;body bgcolor=#BDBDBD>Actual Value</th> <th width=18% ;body bgcolor=#BDBDBD>Result</th></tr>]]>
    </line>
    <line>
      <![CDATA[</table>]]>
    </line>
    <line>
      <![CDATA[<table border=1px; style= width:100%;color=#808080>  <tr font-family:Georgia, Garamond, Serif><th width=2%;body bgcolor=#BDBDBD>Testcase ID</th> <th width=20%;body bgcolor=#BDBDBD>Testcase Description</th> <th width=20%;body bgcolor=#BDBDBD>Input Value</th> <th width=20%;body bgcolor=#BDBDBD>Expected Value</th> <th width=20% ;body bgcolor=#BDBDBD>Actual Value</th> <th width=18% ;body bgcolor=#BDBDBD>Result</th></tr>]]>
    </line>
    <line>
      <![CDATA[</table>]]>
    </line>
    <line>
      <![CDATA[<table border=1px; style= width:100%;color=#808080>  <tr font-family:Georgia, Garamond, Serif><th width=2%;body bgcolor=#BDBDBD>Testcase ID</th> <th width=20%;body bgcolor=#BDBDBD>Testcase Description</th> <th width=20%;body bgcolor=#BDBDBD>Input Value</th> <th width=20%;body bgcolor=#BDBDBD>Expected Value</th> <th width=20% ;body bgcolor=#BDBDBD>Actual Value</th> <th width=18% ;body bgcolor=#BDBDBD>Result</th></tr>]]>
    </line>
    <line>
      <![CDATA[</table>]]>
    </line>
  </reporter-output>
  <suite name="Default suite" duration-ms="96108" started-at="2017-09-07T17:01:21Z" finished-at="2017-09-07T17:02:57Z">
    <groups>
      <group name="Search1">
        <method signature="TestCase_Booking_smoke.test_Search(java.lang.String, java.lang.String, java.lang.String)[pri:0, instance:TestCases.TestCase_Booking_smoke@6e0e048a]" name="test_Search" class="TestCases.TestCase_Booking_smoke"/>
      </group> <!-- Search1 -->
    </groups>
    <test name="Default test" duration-ms="96108" started-at="2017-09-07T17:01:21Z" finished-at="2017-09-07T17:02:57Z">
      <class name="TestCases.TestCase_Booking_smoke">
        <test-method status="PASS" signature="setup(java.lang.String, java.lang.String, java.lang.String)[pri:0, instance:TestCases.TestCase_Booking_smoke@6e0e048a]" name="setup" is-config="true" duration-ms="24394" started-at="2017-09-07T22:31:21Z" finished-at="2017-09-07T22:31:45Z">
          <params>
            <param index="0">
              <value>
                <![CDATA[firefox]]>
              </value>
            </param>
            <param index="1">
              <value>
                <![CDATA[webdriver.gecko.driver]]>
              </value>
            </param>
            <param index="2">
              <value>
                <![CDATA[G:\Vikas- Shailesh - demo Framework\Drivers\geckodriver-v0.17.0-win64\geckodriver.exe]]>
              </value>
            </param>
          </params>
          <reporter-output>
          </reporter-output>
        </test-method> <!-- setup -->
        <test-method status="PASS" signature="test_Search(java.lang.String, java.lang.String, java.lang.String)[pri:0, instance:TestCases.TestCase_Booking_smoke@6e0e048a]" name="test_Search" duration-ms="8770" started-at="2017-09-07T22:31:49Z" data-provider="Search" finished-at="2017-09-07T22:31:58Z">
          <params>
            <param index="0">
              <value>
                <![CDATA[King's cage]]>
              </value>
            </param>
            <param index="1">
              <value>
                <![CDATA[.//*[contains(text(),'Cage (Red Queen 3)')]]]>
              </value>
            </param>
            <param index="2">
              <value>
                <![CDATA[King's Cage (Red Queen 3)]]>
              </value>
            </param>
          </params>
          <reporter-output>
            <line>
              <![CDATA[<table border=1px; style= width:100%;color=#808080>  <tr font-family:Georgia, Garamond, Serif><th width=2%;body bgcolor=#BDBDBD>Testcase ID</th> <th width=20%;body bgcolor=#BDBDBD>Testcase Description</th> <th width=20%;body bgcolor=#BDBDBD>Input Value</th> <th width=20%;body bgcolor=#BDBDBD>Expected Value</th> <th width=20% ;body bgcolor=#BDBDBD>Actual Value</th> <th width=18% ;body bgcolor=#BDBDBD>Result</th></tr>]]>
            </line>
            <line>
              <![CDATA[</table>]]>
            </line>
          </reporter-output>
        </test-method> <!-- test_Search -->
        <test-method status="PASS" signature="test_Search(java.lang.String, java.lang.String, java.lang.String)[pri:0, instance:TestCases.TestCase_Booking_smoke@6e0e048a]" name="test_Search" duration-ms="2391" started-at="2017-09-07T22:31:58Z" data-provider="Search" finished-at="2017-09-07T22:32:00Z">
          <params>
            <param index="0">
              <value>
                <![CDATA[One Plus 5]]>
              </value>
            </param>
            <param index="1">
              <value>
                <![CDATA[.//*[contains(text(),'OnePlus 5 (Slate Gray 6GB RAM + 64GB memory)')]]]>
              </value>
            </param>
            <param index="2">
              <value>
                <![CDATA[OnePlus 5 (Slate Gray]]>
              </value>
            </param>
          </params>
          <reporter-output>
            <line>
              <![CDATA[<table border=1px; style= width:100%;color=#808080>  <tr font-family:Georgia, Garamond, Serif><th width=2%;body bgcolor=#BDBDBD>Testcase ID</th> <th width=20%;body bgcolor=#BDBDBD>Testcase Description</th> <th width=20%;body bgcolor=#BDBDBD>Input Value</th> <th width=20%;body bgcolor=#BDBDBD>Expected Value</th> <th width=20% ;body bgcolor=#BDBDBD>Actual Value</th> <th width=18% ;body bgcolor=#BDBDBD>Result</th></tr>]]>
            </line>
            <line>
              <![CDATA[</table>]]>
            </line>
          </reporter-output>
        </test-method> <!-- test_Search -->
        <test-method status="PASS" signature="test_Search(java.lang.String, java.lang.String, java.lang.String)[pri:0, instance:TestCases.TestCase_Booking_smoke@6e0e048a]" name="test_Search" duration-ms="8819" started-at="2017-09-07T22:32:00Z" data-provider="Search" finished-at="2017-09-07T22:32:09Z">
          <params>
            <param index="0">
              <value>
                <![CDATA[chess]]>
              </value>
            </param>
            <param index="1">
              <value>
                <![CDATA[.//*[contains(text(),'StonKraft 17')]]]>
              </value>
            </param>
            <param index="2">
              <value>
                <![CDATA[StonKraft 17]]>
              </value>
            </param>
          </params>
          <reporter-output>
            <line>
              <![CDATA[<table border=1px; style= width:100%;color=#808080>  <tr font-family:Georgia, Garamond, Serif><th width=2%;body bgcolor=#BDBDBD>Testcase ID</th> <th width=20%;body bgcolor=#BDBDBD>Testcase Description</th> <th width=20%;body bgcolor=#BDBDBD>Input Value</th> <th width=20%;body bgcolor=#BDBDBD>Expected Value</th> <th width=20% ;body bgcolor=#BDBDBD>Actual Value</th> <th width=18% ;body bgcolor=#BDBDBD>Result</th></tr>]]>
            </line>
            <line>
              <![CDATA[<tr id=null><td width=20%>3. Search for the product forchess for firefox</td><td width=20%>Verify the Search result for the productchess</td><td width=20%>chess</td><td width=20%>StonKraft 17</td><td width=20%>StonKraft 17'' x 17'' Tournament Chess Vinyl Foldable Chess Game With Solid Plastic Pieces (With Extra Queen) - Ideal for Professional Chess Players</td><TD align=center BGCOLOR= #00ff00 > Pass</tr>]]>
            </line>
            <line>
              <![CDATA[</table>]]>
            </line>
          </reporter-output>
        </test-method> <!-- test_Search -->
        <test-method status="PASS" signature="test_Search(java.lang.String, java.lang.String, java.lang.String)[pri:0, instance:TestCases.TestCase_Booking_smoke@6e0e048a]" name="test_Search" duration-ms="6672" started-at="2017-09-07T22:32:09Z" data-provider="Search" finished-at="2017-09-07T22:32:16Z">
          <params>
            <param index="0">
              <value>
                <![CDATA[A Walk down]]>
              </value>
            </param>
            <param index="1">
              <value>
                <![CDATA[.//*[contains(text(),'A Walk Down to the lane')]]]>
              </value>
            </param>
            <param index="2">
              <value>
                <![CDATA[A Walk Down to the lane]]>
              </value>
            </param>
          </params>
          <reporter-output>
            <line>
              <![CDATA[<table border=1px; style= width:100%;color=#808080>  <tr font-family:Georgia, Garamond, Serif><th width=2%;body bgcolor=#BDBDBD>Testcase ID</th> <th width=20%;body bgcolor=#BDBDBD>Testcase Description</th> <th width=20%;body bgcolor=#BDBDBD>Input Value</th> <th width=20%;body bgcolor=#BDBDBD>Expected Value</th> <th width=20% ;body bgcolor=#BDBDBD>Actual Value</th> <th width=18% ;body bgcolor=#BDBDBD>Result</th></tr>]]>
            </line>
            <line>
              <![CDATA[<tr id=null><td width=20%>4. Search for the product forA Walk down for firefox</td><td width=20%>Verify the Search result for the productA Walk down</td><td width=20%>A Walk down</td><td width=20%>A Walk Down to the lane</td><td width=20%>A Walk Down to the lane</td><TD align=center BGCOLOR= #00ff00 > Pass</tr>]]>
            </line>
            <line>
              <![CDATA[</table>]]>
            </line>
          </reporter-output>
        </test-method> <!-- test_Search -->
        <test-method status="PASS" signature="test_Search(java.lang.String, java.lang.String, java.lang.String)[pri:0, instance:TestCases.TestCase_Booking_smoke@6e0e048a]" name="test_Search" duration-ms="6004" started-at="2017-09-07T22:32:16Z" data-provider="Search" finished-at="2017-09-07T22:32:22Z">
          <params>
            <param index="0">
              <value>
                <![CDATA[parkhe]]>
              </value>
            </param>
            <param index="1">
              <value>
                <![CDATA[.//*[contains(text(),'Agnihotra (The Vedic Solution')]]]>
              </value>
            </param>
            <param index="2">
              <value>
                <![CDATA[Agnihotra (The Vedic Solution]]>
              </value>
            </param>
          </params>
          <reporter-output>
            <line>
              <![CDATA[<table border=1px; style= width:100%;color=#808080>  <tr font-family:Georgia, Garamond, Serif><th width=2%;body bgcolor=#BDBDBD>Testcase ID</th> <th width=20%;body bgcolor=#BDBDBD>Testcase Description</th> <th width=20%;body bgcolor=#BDBDBD>Input Value</th> <th width=20%;body bgcolor=#BDBDBD>Expected Value</th> <th width=20% ;body bgcolor=#BDBDBD>Actual Value</th> <th width=18% ;body bgcolor=#BDBDBD>Result</th></tr>]]>
            </line>
            <line>
              <![CDATA[</table>]]>
            </line>
          </reporter-output>
        </test-method> <!-- test_Search -->
        <test-method status="PASS" signature="test_Search(java.lang.String, java.lang.String, java.lang.String)[pri:0, instance:TestCases.TestCase_Booking_smoke@6e0e048a]" name="test_Search" duration-ms="19126" started-at="2017-09-07T22:32:22Z" data-provider="Search" finished-at="2017-09-07T22:32:41Z">
          <params>
            <param index="0">
              <value>
                <![CDATA[John Deere]]>
              </value>
            </param>
            <param index="1">
              <value>
                <![CDATA[.//*[contains(text(),'Bruder Toys John Deere Tractor 7930')]]]>
              </value>
            </param>
            <param index="2">
              <value>
                <![CDATA[Tractor 7930]]>
              </value>
            </param>
          </params>
          <reporter-output>
            <line>
              <![CDATA[<table border=1px; style= width:100%;color=#808080>  <tr font-family:Georgia, Garamond, Serif><th width=2%;body bgcolor=#BDBDBD>Testcase ID</th> <th width=20%;body bgcolor=#BDBDBD>Testcase Description</th> <th width=20%;body bgcolor=#BDBDBD>Input Value</th> <th width=20%;body bgcolor=#BDBDBD>Expected Value</th> <th width=20% ;body bgcolor=#BDBDBD>Actual Value</th> <th width=18% ;body bgcolor=#BDBDBD>Result</th></tr>]]>
            </line>
            <line>
              <![CDATA[<tr id=null><td width=20%>6. Search for the product forJohn Deere for firefox</td><td width=20%>Verify the Search result for the productJohn Deere</td><td width=20%>John Deere</td><td width=20%>Tractor 7930</td><td width=20%>Bruder Toys John Deere Tractor 7930 with Twin Tyres</td><TD align=center BGCOLOR= #00ff00 > Pass</tr>]]>
            </line>
            <line>
              <![CDATA[</table>]]>
            </line>
          </reporter-output>
        </test-method> <!-- test_Search -->
        <test-method status="PASS" signature="test_Search(java.lang.String, java.lang.String, java.lang.String)[pri:0, instance:TestCases.TestCase_Booking_smoke@6e0e048a]" name="test_Search" duration-ms="6813" started-at="2017-09-07T22:32:41Z" data-provider="Search" finished-at="2017-09-07T22:32:48Z">
          <params>
            <param index="0">
              <value>
                <![CDATA[Yash]]>
              </value>
            </param>
            <param index="1">
              <value>
                <![CDATA[.//*[contains(text(),'Personalized Ceramic Mug for Yash')]]]>
              </value>
            </param>
            <param index="2">
              <value>
                <![CDATA[meSleep Guitar Personalized Ceramic Mug for Yash]]>
              </value>
            </param>
          </params>
          <reporter-output>
            <line>
              <![CDATA[<table border=1px; style= width:100%;color=#808080>  <tr font-family:Georgia, Garamond, Serif><th width=2%;body bgcolor=#BDBDBD>Testcase ID</th> <th width=20%;body bgcolor=#BDBDBD>Testcase Description</th> <th width=20%;body bgcolor=#BDBDBD>Input Value</th> <th width=20%;body bgcolor=#BDBDBD>Expected Value</th> <th width=20% ;body bgcolor=#BDBDBD>Actual Value</th> <th width=18% ;body bgcolor=#BDBDBD>Result</th></tr>]]>
            </line>
            <line>
              <![CDATA[</table>]]>
            </line>
          </reporter-output>
        </test-method> <!-- test_Search -->
        <test-method status="PASS" signature="select_ProductName(java.lang.String, java.lang.String, java.lang.String)[pri:0, instance:TestCases.TestCase_Booking_smoke@6e0e048a]" name="select_ProductName" duration-ms="1012" started-at="2017-09-07T22:32:48Z" data-provider="Search" finished-at="2017-09-07T22:32:49Z">
          <params>
            <param index="0">
              <value>
                <![CDATA[King's cage]]>
              </value>
            </param>
            <param index="1">
              <value>
                <![CDATA[.//*[contains(text(),'Cage (Red Queen 3)')]]]>
              </value>
            </param>
            <param index="2">
              <value>
                <![CDATA[King's Cage (Red Queen 3)]]>
              </value>
            </param>
          </params>
          <reporter-output>
            <line>
              <![CDATA[<table border=1px; style= width:100%;color=#808080>  <tr font-family:Georgia, Garamond, Serif><th width=2%;body bgcolor=#BDBDBD>Testcase ID</th> <th width=20%;body bgcolor=#BDBDBD>Testcase Description</th> <th width=20%;body bgcolor=#BDBDBD>Input Value</th> <th width=20%;body bgcolor=#BDBDBD>Expected Value</th> <th width=20% ;body bgcolor=#BDBDBD>Actual Value</th> <th width=18% ;body bgcolor=#BDBDBD>Result</th></tr>]]>
            </line>
            <line>
              <![CDATA[</table>]]>
            </line>
          </reporter-output>
        </test-method> <!-- select_ProductName -->
        <test-method status="PASS" signature="select_ProductName(java.lang.String, java.lang.String, java.lang.String)[pri:0, instance:TestCases.TestCase_Booking_smoke@6e0e048a]" name="select_ProductName" duration-ms="1014" started-at="2017-09-07T22:32:49Z" data-provider="Search" finished-at="2017-09-07T22:32:50Z">
          <params>
            <param index="0">
              <value>
                <![CDATA[One Plus 5]]>
              </value>
            </param>
            <param index="1">
              <value>
                <![CDATA[.//*[contains(text(),'OnePlus 5 (Slate Gray 6GB RAM + 64GB memory)')]]]>
              </value>
            </param>
            <param index="2">
              <value>
                <![CDATA[OnePlus 5 (Slate Gray]]>
              </value>
            </param>
          </params>
          <reporter-output>
            <line>
              <![CDATA[<table border=1px; style= width:100%;color=#808080>  <tr font-family:Georgia, Garamond, Serif><th width=2%;body bgcolor=#BDBDBD>Testcase ID</th> <th width=20%;body bgcolor=#BDBDBD>Testcase Description</th> <th width=20%;body bgcolor=#BDBDBD>Input Value</th> <th width=20%;body bgcolor=#BDBDBD>Expected Value</th> <th width=20% ;body bgcolor=#BDBDBD>Actual Value</th> <th width=18% ;body bgcolor=#BDBDBD>Result</th></tr>]]>
            </line>
            <line>
              <![CDATA[</table>]]>
            </line>
          </reporter-output>
        </test-method> <!-- select_ProductName -->
        <test-method status="PASS" signature="select_ProductName(java.lang.String, java.lang.String, java.lang.String)[pri:0, instance:TestCases.TestCase_Booking_smoke@6e0e048a]" name="select_ProductName" duration-ms="1013" started-at="2017-09-07T22:32:50Z" data-provider="Search" finished-at="2017-09-07T22:32:51Z">
          <params>
            <param index="0">
              <value>
                <![CDATA[chess]]>
              </value>
            </param>
            <param index="1">
              <value>
                <![CDATA[.//*[contains(text(),'StonKraft 17')]]]>
              </value>
            </param>
            <param index="2">
              <value>
                <![CDATA[StonKraft 17]]>
              </value>
            </param>
          </params>
          <reporter-output>
            <line>
              <![CDATA[<table border=1px; style= width:100%;color=#808080>  <tr font-family:Georgia, Garamond, Serif><th width=2%;body bgcolor=#BDBDBD>Testcase ID</th> <th width=20%;body bgcolor=#BDBDBD>Testcase Description</th> <th width=20%;body bgcolor=#BDBDBD>Input Value</th> <th width=20%;body bgcolor=#BDBDBD>Expected Value</th> <th width=20% ;body bgcolor=#BDBDBD>Actual Value</th> <th width=18% ;body bgcolor=#BDBDBD>Result</th></tr>]]>
            </line>
            <line>
              <![CDATA[</table>]]>
            </line>
          </reporter-output>
        </test-method> <!-- select_ProductName -->
        <test-method status="PASS" signature="select_ProductName(java.lang.String, java.lang.String, java.lang.String)[pri:0, instance:TestCases.TestCase_Booking_smoke@6e0e048a]" name="select_ProductName" duration-ms="1015" started-at="2017-09-07T22:32:51Z" data-provider="Search" finished-at="2017-09-07T22:32:52Z">
          <params>
            <param index="0">
              <value>
                <![CDATA[A Walk down]]>
              </value>
            </param>
            <param index="1">
              <value>
                <![CDATA[.//*[contains(text(),'A Walk Down to the lane')]]]>
              </value>
            </param>
            <param index="2">
              <value>
                <![CDATA[A Walk Down to the lane]]>
              </value>
            </param>
          </params>
          <reporter-output>
            <line>
              <![CDATA[<table border=1px; style= width:100%;color=#808080>  <tr font-family:Georgia, Garamond, Serif><th width=2%;body bgcolor=#BDBDBD>Testcase ID</th> <th width=20%;body bgcolor=#BDBDBD>Testcase Description</th> <th width=20%;body bgcolor=#BDBDBD>Input Value</th> <th width=20%;body bgcolor=#BDBDBD>Expected Value</th> <th width=20% ;body bgcolor=#BDBDBD>Actual Value</th> <th width=18% ;body bgcolor=#BDBDBD>Result</th></tr>]]>
            </line>
            <line>
              <![CDATA[</table>]]>
            </line>
          </reporter-output>
        </test-method> <!-- select_ProductName -->
        <test-method status="PASS" signature="select_ProductName(java.lang.String, java.lang.String, java.lang.String)[pri:0, instance:TestCases.TestCase_Booking_smoke@6e0e048a]" name="select_ProductName" duration-ms="1013" started-at="2017-09-07T22:32:52Z" data-provider="Search" finished-at="2017-09-07T22:32:53Z">
          <params>
            <param index="0">
              <value>
                <![CDATA[parkhe]]>
              </value>
            </param>
            <param index="1">
              <value>
                <![CDATA[.//*[contains(text(),'Agnihotra (The Vedic Solution')]]]>
              </value>
            </param>
            <param index="2">
              <value>
                <![CDATA[Agnihotra (The Vedic Solution]]>
              </value>
            </param>
          </params>
          <reporter-output>
            <line>
              <![CDATA[<table border=1px; style= width:100%;color=#808080>  <tr font-family:Georgia, Garamond, Serif><th width=2%;body bgcolor=#BDBDBD>Testcase ID</th> <th width=20%;body bgcolor=#BDBDBD>Testcase Description</th> <th width=20%;body bgcolor=#BDBDBD>Input Value</th> <th width=20%;body bgcolor=#BDBDBD>Expected Value</th> <th width=20% ;body bgcolor=#BDBDBD>Actual Value</th> <th width=18% ;body bgcolor=#BDBDBD>Result</th></tr>]]>
            </line>
            <line>
              <![CDATA[</table>]]>
            </line>
          </reporter-output>
        </test-method> <!-- select_ProductName -->
        <test-method status="PASS" signature="select_ProductName(java.lang.String, java.lang.String, java.lang.String)[pri:0, instance:TestCases.TestCase_Booking_smoke@6e0e048a]" name="select_ProductName" duration-ms="1015" started-at="2017-09-07T22:32:53Z" data-provider="Search" finished-at="2017-09-07T22:32:54Z">
          <params>
            <param index="0">
              <value>
                <![CDATA[John Deere]]>
              </value>
            </param>
            <param index="1">
              <value>
                <![CDATA[.//*[contains(text(),'Bruder Toys John Deere Tractor 7930')]]]>
              </value>
            </param>
            <param index="2">
              <value>
                <![CDATA[Tractor 7930]]>
              </value>
            </param>
          </params>
          <reporter-output>
            <line>
              <![CDATA[<table border=1px; style= width:100%;color=#808080>  <tr font-family:Georgia, Garamond, Serif><th width=2%;body bgcolor=#BDBDBD>Testcase ID</th> <th width=20%;body bgcolor=#BDBDBD>Testcase Description</th> <th width=20%;body bgcolor=#BDBDBD>Input Value</th> <th width=20%;body bgcolor=#BDBDBD>Expected Value</th> <th width=20% ;body bgcolor=#BDBDBD>Actual Value</th> <th width=18% ;body bgcolor=#BDBDBD>Result</th></tr>]]>
            </line>
            <line>
              <![CDATA[</table>]]>
            </line>
          </reporter-output>
        </test-method> <!-- select_ProductName -->
        <test-method status="PASS" signature="select_ProductName(java.lang.String, java.lang.String, java.lang.String)[pri:0, instance:TestCases.TestCase_Booking_smoke@6e0e048a]" name="select_ProductName" duration-ms="1015" started-at="2017-09-07T22:32:54Z" data-provider="Search" finished-at="2017-09-07T22:32:55Z">
          <params>
            <param index="0">
              <value>
                <![CDATA[Yash]]>
              </value>
            </param>
            <param index="1">
              <value>
                <![CDATA[.//*[contains(text(),'Personalized Ceramic Mug for Yash')]]]>
              </value>
            </param>
            <param index="2">
              <value>
                <![CDATA[meSleep Guitar Personalized Ceramic Mug for Yash]]>
              </value>
            </param>
          </params>
          <reporter-output>
            <line>
              <![CDATA[<table border=1px; style= width:100%;color=#808080>  <tr font-family:Georgia, Garamond, Serif><th width=2%;body bgcolor=#BDBDBD>Testcase ID</th> <th width=20%;body bgcolor=#BDBDBD>Testcase Description</th> <th width=20%;body bgcolor=#BDBDBD>Input Value</th> <th width=20%;body bgcolor=#BDBDBD>Expected Value</th> <th width=20% ;body bgcolor=#BDBDBD>Actual Value</th> <th width=18% ;body bgcolor=#BDBDBD>Result</th></tr>]]>
            </line>
            <line>
              <![CDATA[</table>]]>
            </line>
          </reporter-output>
        </test-method> <!-- select_ProductName -->
        <test-method status="FAIL" signature="finish()[pri:0, instance:TestCases.TestCase_Booking_smoke@6e0e048a]" name="finish" is-config="true" duration-ms="0" started-at="2017-09-07T22:32:55Z" finished-at="2017-09-07T22:32:55Z">
          <exception class="org.openqa.selenium.SessionNotCreatedException">
            <message>
              <![CDATA[Tried to run command without establishing a connection
Build info: version: '3.4.0', revision: 'unknown', time: 'unknown'
System info: host: 'YP1005009DT', ip: '10.8.100.103', os.name: 'Windows 7', os.arch: 'amd64', os.version: '6.1', java.version: '1.8.0_121'
Driver info: org.openqa.selenium.firefox.FirefoxDriver
Capabilities [{moz:profile=C:\Users\NIKHIL~1.WAG\AppData\Local\Temp\rust_mozprofile.fevSPr4VRYtg, rotatable=false, timeouts={implicit=0.0, pageLoad=300000.0, script=30000.0}, pageLoadStrategy=normal, platform=ANY, specificationLevel=0.0, moz:accessibilityChecks=false, acceptInsecureCerts=false, browserVersion=54.0.1, platformVersion=6.1, moz:processID=6832.0, browserName=firefox, javascriptEnabled=true, platformName=windows_nt}]
Session ID: d64c09a4-a5bc-4a3b-a757-3c1e7ee0314c]]>
            </message>
            <full-stacktrace>
              <![CDATA[org.openqa.selenium.SessionNotCreatedException: Tried to run command without establishing a connection
Build info: version: '3.4.0', revision: 'unknown', time: 'unknown'
System info: host: 'YP1005009DT', ip: '10.8.100.103', os.name: 'Windows 7', os.arch: 'amd64', os.version: '6.1', java.version: '1.8.0_121'
Driver info: org.openqa.selenium.firefox.FirefoxDriver
Capabilities [{moz:profile=C:\Users\NIKHIL~1.WAG\AppData\Local\Temp\rust_mozprofile.fevSPr4VRYtg, rotatable=false, timeouts={implicit=0.0, pageLoad=300000.0, script=30000.0}, pageLoadStrategy=normal, platform=ANY, specificationLevel=0.0, moz:accessibilityChecks=false, acceptInsecureCerts=false, browserVersion=54.0.1, platformVersion=6.1, moz:processID=6832.0, browserName=firefox, javascriptEnabled=true, platformName=windows_nt}]
Session ID: d64c09a4-a5bc-4a3b-a757-3c1e7ee0314c
	at sun.reflect.NativeConstructorAccessorImpl.newInstance0(Native Method)
	at sun.reflect.NativeConstructorAccessorImpl.newInstance(Unknown Source)
	at sun.reflect.DelegatingConstructorAccessorImpl.newInstance(Unknown Source)
	at java.lang.reflect.Constructor.newInstance(Unknown Source)
	at org.openqa.selenium.remote.http.W3CHttpResponseCodec.createException(W3CHttpResponseCodec.java:150)
	at org.openqa.selenium.remote.http.W3CHttpResponseCodec.decode(W3CHttpResponseCodec.java:115)
	at org.openqa.selenium.remote.http.W3CHttpResponseCodec.decode(W3CHttpResponseCodec.java:45)
	at org.openqa.selenium.remote.HttpCommandExecutor.execute(HttpCommandExecutor.java:164)
	at org.openqa.selenium.remote.service.DriverCommandExecutor.execute(DriverCommandExecutor.java:82)
	at org.openqa.selenium.remote.RemoteWebDriver.execute(RemoteWebDriver.java:637)
	at org.openqa.selenium.remote.RemoteWebDriver.execute(RemoteWebDriver.java:694)
	at org.openqa.selenium.remote.RemoteWebDriver.quit(RemoteWebDriver.java:533)
	at TestCases.TestCase_Booking_smoke.finish(TestCase_Booking_smoke.java:399)
	at sun.reflect.NativeMethodAccessorImpl.invoke0(Native Method)
	at sun.reflect.NativeMethodAccessorImpl.invoke(Unknown Source)
	at sun.reflect.DelegatingMethodAccessorImpl.invoke(Unknown Source)
	at java.lang.reflect.Method.invoke(Unknown Source)
	at org.testng.internal.MethodInvocationHelper.invokeMethod(MethodInvocationHelper.java:84)
	at org.testng.internal.Invoker.invokeConfigurationMethod(Invoker.java:564)
	at org.testng.internal.Invoker.invokeConfigurations(Invoker.java:213)
	at org.testng.internal.Invoker.invokeConfigurations(Invoker.java:138)
	at org.testng.internal.TestMethodWorker.invokeAfterClassMethods(TestMethodWorker.java:225)
	at org.testng.internal.TestMethodWorker.run(TestMethodWorker.java:114)
	at org.testng.TestRunner.privateRun(TestRunner.java:767)
	at org.testng.TestRunner.run(TestRunner.java:617)
	at org.testng.SuiteRunner.runTest(SuiteRunner.java:348)
	at org.testng.SuiteRunner.runSequentially(SuiteRunner.java:343)
	at org.testng.SuiteRunner.privateRun(SuiteRunner.java:305)
	at org.testng.SuiteRunner.run(SuiteRunner.java:254)
	at org.testng.SuiteRunnerWorker.runSuite(SuiteRunnerWorker.java:52)
	at org.testng.SuiteRunnerWorker.run(SuiteRunnerWorker.java:86)
	at org.testng.TestNG.runSuitesSequentially(TestNG.java:1224)
	at org.testng.TestNG.runSuitesLocally(TestNG.java:1149)
	at org.testng.TestNG.run(TestNG.java:1057)
	at org.testng.remote.AbstractRemoteTestNG.run(AbstractRemoteTestNG.java:132)
	at org.testng.remote.RemoteTestNG.initAndRun(RemoteTestNG.java:230)
	at org.testng.remote.RemoteTestNG.main(RemoteTestNG.java:76)
]]>
            </full-stacktrace>
          </exception> <!-- org.openqa.selenium.SessionNotCreatedException -->
          <reporter-output>
          </reporter-output>
        </test-method> <!-- finish -->
      </class> <!-- TestCases.TestCase_Booking_smoke -->
    </test> <!-- Default test -->
  </suite> <!-- Default suite -->
</testng-results>
