<?xml version="1.0" encoding="UTF-8"?>
<testng-results skipped="0" failed="0" total="7" passed="7">
  <reporter-output>
    <line>
      <![CDATA[<table border=1px; style= width:100%;color=#808080>  <tr font-family:Georgia, Garamond, Serif><th width=2%;body bgcolor=#BDBDBD>Testcase ID</th> <th width=20%;body bgcolor=#BDBDBD>Testcase Description</th> <th width=20%;body bgcolor=#BDBDBD>Input Value</th> <th width=20%;body bgcolor=#BDBDBD>Expected Value</th> <th width=20% ;body bgcolor=#BDBDBD>Actual Value</th> <th width=18% ;body bgcolor=#BDBDBD>Result</th></tr>]]>
    </line>
    <line>
      <![CDATA[<tr id=null><td width=20%>1. Select for the product King's cage for chrome</td><td width=20%>Verify the Selection result for the productKing's cage</td><td width=20%>King's cage</td><td width=20%>King's Cage (Red Queen 3)</td><td width=20%>King's Cage (Red Queen 3)</td><TD align=center BGCOLOR= #00ff00 > Pass</tr>]]>
    </line>
    <line>
      <![CDATA[</table>]]>
    </line>
    <line>
      <![CDATA[<table border=1px; style= width:100%;color=#808080>  <tr font-family:Georgia, Garamond, Serif><th width=2%;body bgcolor=#BDBDBD>Testcase ID</th> <th width=20%;body bgcolor=#BDBDBD>Testcase Description</th> <th width=20%;body bgcolor=#BDBDBD>Input Value</th> <th width=20%;body bgcolor=#BDBDBD>Expected Value</th> <th width=20% ;body bgcolor=#BDBDBD>Actual Value</th> <th width=18% ;body bgcolor=#BDBDBD>Result</th></tr>]]>
    </line>
    <line>
      <![CDATA[</table>]]>
    </line>
    <line>
      <![CDATA[<table border=1px; style= width:100%;color=#808080>  <tr font-family:Georgia, Garamond, Serif><th width=2%;body bgcolor=#BDBDBD>Testcase ID</th> <th width=20%;body bgcolor=#BDBDBD>Testcase Description</th> <th width=20%;body bgcolor=#BDBDBD>Input Value</th> <th width=20%;body bgcolor=#BDBDBD>Expected Value</th> <th width=20% ;body bgcolor=#BDBDBD>Actual Value</th> <th width=18% ;body bgcolor=#BDBDBD>Result</th></tr>]]>
    </line>
    <line>
      <![CDATA[</table>]]>
    </line>
    <line>
      <![CDATA[<table border=1px; style= width:100%;color=#808080>  <tr font-family:Georgia, Garamond, Serif><th width=2%;body bgcolor=#BDBDBD>Testcase ID</th> <th width=20%;body bgcolor=#BDBDBD>Testcase Description</th> <th width=20%;body bgcolor=#BDBDBD>Input Value</th> <th width=20%;body bgcolor=#BDBDBD>Expected Value</th> <th width=20% ;body bgcolor=#BDBDBD>Actual Value</th> <th width=18% ;body bgcolor=#BDBDBD>Result</th></tr>]]>
    </line>
    <line>
      <![CDATA[<tr id=null><td width=20%>4. Select for the product A Walk down for chrome</td><td width=20%>Verify the Selection result for the productA Walk down</td><td width=20%>A Walk down</td><td width=20%>A Walk Down to the lane</td><td width=20%>A Walk Down to the lane</td><TD align=center BGCOLOR= #00ff00 > Pass</tr>]]>
    </line>
    <line>
      <![CDATA[</table>]]>
    </line>
    <line>
      <![CDATA[<table border=1px; style= width:100%;color=#808080>  <tr font-family:Georgia, Garamond, Serif><th width=2%;body bgcolor=#BDBDBD>Testcase ID</th> <th width=20%;body bgcolor=#BDBDBD>Testcase Description</th> <th width=20%;body bgcolor=#BDBDBD>Input Value</th> <th width=20%;body bgcolor=#BDBDBD>Expected Value</th> <th width=20% ;body bgcolor=#BDBDBD>Actual Value</th> <th width=18% ;body bgcolor=#BDBDBD>Result</th></tr>]]>
    </line>
    <line>
      <![CDATA[</table>]]>
    </line>
    <line>
      <![CDATA[<table border=1px; style= width:100%;color=#808080>  <tr font-family:Georgia, Garamond, Serif><th width=2%;body bgcolor=#BDBDBD>Testcase ID</th> <th width=20%;body bgcolor=#BDBDBD>Testcase Description</th> <th width=20%;body bgcolor=#BDBDBD>Input Value</th> <th width=20%;body bgcolor=#BDBDBD>Expected Value</th> <th width=20% ;body bgcolor=#BDBDBD>Actual Value</th> <th width=18% ;body bgcolor=#BDBDBD>Result</th></tr>]]>
    </line>
    <line>
      <![CDATA[</table>]]>
    </line>
    <line>
      <![CDATA[<table border=1px; style= width:100%;color=#808080>  <tr font-family:Georgia, Garamond, Serif><th width=2%;body bgcolor=#BDBDBD>Testcase ID</th> <th width=20%;body bgcolor=#BDBDBD>Testcase Description</th> <th width=20%;body bgcolor=#BDBDBD>Input Value</th> <th width=20%;body bgcolor=#BDBDBD>Expected Value</th> <th width=20% ;body bgcolor=#BDBDBD>Actual Value</th> <th width=18% ;body bgcolor=#BDBDBD>Result</th></tr>]]>
    </line>
    <line>
      <![CDATA[</table>]]>
    </line>
  </reporter-output>
  <suite name="Suite" duration-ms="635426" started-at="2017-10-11T15:54:52Z" finished-at="2017-10-11T16:05:28Z">
    <groups>
    </groups>
    <test name="Test-chrome" duration-ms="635426" started-at="2017-10-11T15:54:52Z" finished-at="2017-10-11T16:05:28Z">
      <class name="TestCases.TestCase_Booking_smoke">
        <test-method status="PASS" signature="setup(java.lang.String, java.lang.String, java.lang.String)[pri:0, instance:TestCases.TestCase_Booking_smoke@5c5a1b69]" name="setup" is-config="true" duration-ms="22685" started-at="2017-10-11T21:24:52Z" finished-at="2017-10-11T21:25:15Z">
          <params>
            <param index="0">
              <value>
                <![CDATA[chrome]]>
              </value>
            </param>
            <param index="1">
              <value>
                <![CDATA[webdriver.chrome.driver]]>
              </value>
            </param>
            <param index="2">
              <value>
                <![CDATA[G:\\Vikas- Shailesh - demo Framework\\chromedriver_win32 (3)\\chromedriver.exe]]>
              </value>
            </param>
          </params>
          <reporter-output>
          </reporter-output>
        </test-method> <!-- setup -->
        <test-method status="PASS" signature="select_ProductName(java.lang.String, java.lang.String, java.lang.String)[pri:0, instance:TestCases.TestCase_Booking_smoke@5c5a1b69]" name="select_ProductName" duration-ms="141539" started-at="2017-10-11T21:25:16Z" data-provider="Search" finished-at="2017-10-11T21:27:38Z">
          <params>
            <param index="0">
              <value>
                <![CDATA[King's cage]]>
              </value>
            </param>
            <param index="1">
              <value>
                <![CDATA[.//*[contains(text(),'Cage (Red Queen 3)')]]]>
              </value>
            </param>
            <param index="2">
              <value>
                <![CDATA[King's Cage (Red Queen 3)]]>
              </value>
            </param>
          </params>
          <reporter-output>
            <line>
              <![CDATA[<table border=1px; style= width:100%;color=#808080>  <tr font-family:Georgia, Garamond, Serif><th width=2%;body bgcolor=#BDBDBD>Testcase ID</th> <th width=20%;body bgcolor=#BDBDBD>Testcase Description</th> <th width=20%;body bgcolor=#BDBDBD>Input Value</th> <th width=20%;body bgcolor=#BDBDBD>Expected Value</th> <th width=20% ;body bgcolor=#BDBDBD>Actual Value</th> <th width=18% ;body bgcolor=#BDBDBD>Result</th></tr>]]>
            </line>
            <line>
              <![CDATA[<tr id=null><td width=20%>1. Select for the product King's cage for chrome</td><td width=20%>Verify the Selection result for the productKing's cage</td><td width=20%>King's cage</td><td width=20%>King's Cage (Red Queen 3)</td><td width=20%>King's Cage (Red Queen 3)</td><TD align=center BGCOLOR= #00ff00 > Pass</tr>]]>
            </line>
            <line>
              <![CDATA[</table>]]>
            </line>
          </reporter-output>
        </test-method> <!-- select_ProductName -->
        <test-method status="PASS" signature="select_ProductName(java.lang.String, java.lang.String, java.lang.String)[pri:0, instance:TestCases.TestCase_Booking_smoke@5c5a1b69]" name="select_ProductName" duration-ms="189190" started-at="2017-10-11T21:27:38Z" data-provider="Search" finished-at="2017-10-11T21:30:47Z">
          <params>
            <param index="0">
              <value>
                <![CDATA[One Plus 5]]>
              </value>
            </param>
            <param index="1">
              <value>
                <![CDATA[.//*[contains(text(),'OnePlus 5 (Slate Gray 6GB RAM + 64GB memory)')]]]>
              </value>
            </param>
            <param index="2">
              <value>
                <![CDATA[OnePlus 5 (Slate Gray]]>
              </value>
            </param>
          </params>
          <reporter-output>
            <line>
              <![CDATA[<table border=1px; style= width:100%;color=#808080>  <tr font-family:Georgia, Garamond, Serif><th width=2%;body bgcolor=#BDBDBD>Testcase ID</th> <th width=20%;body bgcolor=#BDBDBD>Testcase Description</th> <th width=20%;body bgcolor=#BDBDBD>Input Value</th> <th width=20%;body bgcolor=#BDBDBD>Expected Value</th> <th width=20% ;body bgcolor=#BDBDBD>Actual Value</th> <th width=18% ;body bgcolor=#BDBDBD>Result</th></tr>]]>
            </line>
            <line>
              <![CDATA[</table>]]>
            </line>
          </reporter-output>
        </test-method> <!-- select_ProductName -->
        <test-method status="PASS" signature="select_ProductName(java.lang.String, java.lang.String, java.lang.String)[pri:0, instance:TestCases.TestCase_Booking_smoke@5c5a1b69]" name="select_ProductName" duration-ms="148061" started-at="2017-10-11T21:30:47Z" data-provider="Search" finished-at="2017-10-11T21:33:15Z">
          <params>
            <param index="0">
              <value>
                <![CDATA[chess]]>
              </value>
            </param>
            <param index="1">
              <value>
                <![CDATA[.//*[contains(text(),'StonKraft 17')]]]>
              </value>
            </param>
            <param index="2">
              <value>
                <![CDATA[StonKraft 17]]>
              </value>
            </param>
          </params>
          <reporter-output>
            <line>
              <![CDATA[<table border=1px; style= width:100%;color=#808080>  <tr font-family:Georgia, Garamond, Serif><th width=2%;body bgcolor=#BDBDBD>Testcase ID</th> <th width=20%;body bgcolor=#BDBDBD>Testcase Description</th> <th width=20%;body bgcolor=#BDBDBD>Input Value</th> <th width=20%;body bgcolor=#BDBDBD>Expected Value</th> <th width=20% ;body bgcolor=#BDBDBD>Actual Value</th> <th width=18% ;body bgcolor=#BDBDBD>Result</th></tr>]]>
            </line>
            <line>
              <![CDATA[</table>]]>
            </line>
          </reporter-output>
        </test-method> <!-- select_ProductName -->
        <test-method status="PASS" signature="select_ProductName(java.lang.String, java.lang.String, java.lang.String)[pri:0, instance:TestCases.TestCase_Booking_smoke@5c5a1b69]" name="select_ProductName" duration-ms="123826" started-at="2017-10-11T21:33:15Z" data-provider="Search" finished-at="2017-10-11T21:35:19Z">
          <params>
            <param index="0">
              <value>
                <![CDATA[A Walk down]]>
              </value>
            </param>
            <param index="1">
              <value>
                <![CDATA[.//*[contains(text(),'A Walk Down to the lane')]]]>
              </value>
            </param>
            <param index="2">
              <value>
                <![CDATA[A Walk Down to the lane]]>
              </value>
            </param>
          </params>
          <reporter-output>
            <line>
              <![CDATA[<table border=1px; style= width:100%;color=#808080>  <tr font-family:Georgia, Garamond, Serif><th width=2%;body bgcolor=#BDBDBD>Testcase ID</th> <th width=20%;body bgcolor=#BDBDBD>Testcase Description</th> <th width=20%;body bgcolor=#BDBDBD>Input Value</th> <th width=20%;body bgcolor=#BDBDBD>Expected Value</th> <th width=20% ;body bgcolor=#BDBDBD>Actual Value</th> <th width=18% ;body bgcolor=#BDBDBD>Result</th></tr>]]>
            </line>
            <line>
              <![CDATA[<tr id=null><td width=20%>4. Select for the product A Walk down for chrome</td><td width=20%>Verify the Selection result for the productA Walk down</td><td width=20%>A Walk down</td><td width=20%>A Walk Down to the lane</td><td width=20%>A Walk Down to the lane</td><TD align=center BGCOLOR= #00ff00 > Pass</tr>]]>
            </line>
            <line>
              <![CDATA[</table>]]>
            </line>
          </reporter-output>
        </test-method> <!-- select_ProductName -->
        <test-method status="PASS" signature="select_ProductName(java.lang.String, java.lang.String, java.lang.String)[pri:0, instance:TestCases.TestCase_Booking_smoke@5c5a1b69]" name="select_ProductName" duration-ms="1008" started-at="2017-10-11T21:35:19Z" data-provider="Search" finished-at="2017-10-11T21:35:20Z">
          <params>
            <param index="0">
              <value>
                <![CDATA[parkhe]]>
              </value>
            </param>
            <param index="1">
              <value>
                <![CDATA[.//*[contains(text(),'Agnihotra (The Vedic Solution')]]]>
              </value>
            </param>
            <param index="2">
              <value>
                <![CDATA[Agnihotra (The Vedic Solution]]>
              </value>
            </param>
          </params>
          <reporter-output>
            <line>
              <![CDATA[<table border=1px; style= width:100%;color=#808080>  <tr font-family:Georgia, Garamond, Serif><th width=2%;body bgcolor=#BDBDBD>Testcase ID</th> <th width=20%;body bgcolor=#BDBDBD>Testcase Description</th> <th width=20%;body bgcolor=#BDBDBD>Input Value</th> <th width=20%;body bgcolor=#BDBDBD>Expected Value</th> <th width=20% ;body bgcolor=#BDBDBD>Actual Value</th> <th width=18% ;body bgcolor=#BDBDBD>Result</th></tr>]]>
            </line>
            <line>
              <![CDATA[</table>]]>
            </line>
          </reporter-output>
        </test-method> <!-- select_ProductName -->
        <test-method status="PASS" signature="select_ProductName(java.lang.String, java.lang.String, java.lang.String)[pri:0, instance:TestCases.TestCase_Booking_smoke@5c5a1b69]" name="select_ProductName" duration-ms="1010" started-at="2017-10-11T21:35:20Z" data-provider="Search" finished-at="2017-10-11T21:35:21Z">
          <params>
            <param index="0">
              <value>
                <![CDATA[John Deere]]>
              </value>
            </param>
            <param index="1">
              <value>
                <![CDATA[.//*[contains(text(),'Bruder Toys John Deere Tractor 7930')]]]>
              </value>
            </param>
            <param index="2">
              <value>
                <![CDATA[Tractor 7930]]>
              </value>
            </param>
          </params>
          <reporter-output>
            <line>
              <![CDATA[<table border=1px; style= width:100%;color=#808080>  <tr font-family:Georgia, Garamond, Serif><th width=2%;body bgcolor=#BDBDBD>Testcase ID</th> <th width=20%;body bgcolor=#BDBDBD>Testcase Description</th> <th width=20%;body bgcolor=#BDBDBD>Input Value</th> <th width=20%;body bgcolor=#BDBDBD>Expected Value</th> <th width=20% ;body bgcolor=#BDBDBD>Actual Value</th> <th width=18% ;body bgcolor=#BDBDBD>Result</th></tr>]]>
            </line>
            <line>
              <![CDATA[</table>]]>
            </line>
          </reporter-output>
        </test-method> <!-- select_ProductName -->
        <test-method status="PASS" signature="select_ProductName(java.lang.String, java.lang.String, java.lang.String)[pri:0, instance:TestCases.TestCase_Booking_smoke@5c5a1b69]" name="select_ProductName" duration-ms="1009" started-at="2017-10-11T21:35:21Z" data-provider="Search" finished-at="2017-10-11T21:35:22Z">
          <params>
            <param index="0">
              <value>
                <![CDATA[Yash]]>
              </value>
            </param>
            <param index="1">
              <value>
                <![CDATA[.//*[contains(text(),'Personalized Ceramic Mug for Yash')]]]>
              </value>
            </param>
            <param index="2">
              <value>
                <![CDATA[meSleep Guitar Personalized Ceramic Mug for Yash]]>
              </value>
            </param>
          </params>
          <reporter-output>
            <line>
              <![CDATA[<table border=1px; style= width:100%;color=#808080>  <tr font-family:Georgia, Garamond, Serif><th width=2%;body bgcolor=#BDBDBD>Testcase ID</th> <th width=20%;body bgcolor=#BDBDBD>Testcase Description</th> <th width=20%;body bgcolor=#BDBDBD>Input Value</th> <th width=20%;body bgcolor=#BDBDBD>Expected Value</th> <th width=20% ;body bgcolor=#BDBDBD>Actual Value</th> <th width=18% ;body bgcolor=#BDBDBD>Result</th></tr>]]>
            </line>
            <line>
              <![CDATA[</table>]]>
            </line>
          </reporter-output>
        </test-method> <!-- select_ProductName -->
        <test-method status="PASS" signature="finish()[pri:0, instance:TestCases.TestCase_Booking_smoke@5c5a1b69]" name="finish" is-config="true" duration-ms="5923" started-at="2017-10-11T21:35:22Z" finished-at="2017-10-11T21:35:28Z">
          <reporter-output>
          </reporter-output>
        </test-method> <!-- finish -->
      </class> <!-- TestCases.TestCase_Booking_smoke -->
    </test> <!-- Test-chrome -->
  </suite> <!-- Suite -->
</testng-results>
